生成启动时间为 2018/10/24 22:25:58。
     1>项目“F:\zhang_C++\CppTest\CppTest\CppTest\CppTest.vcxproj”在节点 2 上(build 个目标)。
     1>InitializeBuildStatus:
         正在对“Debug\CppTest.unsuccessfulbuild”执行 Touch 任务。
       ClCompile:
         所有输出均为最新。
         C:\Program Files (x86)\Microsoft Visual Studio 10.0\VC\bin\CL.exe /c /ZI /nologo /W3 /WX- /Od /Oy- /D WIN32 /D _DEBUG /D _CONSOLE /D _UNICODE /D UNICODE /Gm /EHsc /RTC1 /MDd /GS /fp:precise /Zc:wchar_t /Zc:forScope /Yu"StdAfx.h" /Fp"Debug\CppTest.pch" /Fo"Debug\\" /Fd"Debug\vc100.pdb" /Gd /TP /analyze- /errorReport:prompt P3_Test.cpp
         P3_Test.cpp
       ResourceCompile:
         所有输出均为最新。
       ManifestResourceCompile:
         所有输出均为最新。
       Link:
         C:\Program Files (x86)\Microsoft Visual Studio 10.0\VC\bin\link.exe /ERRORREPORT:PROMPT /OUT:"F:\zhang_C++\CppTest\CppTest\Debug\CppTest.exe" /INCREMENTAL /NOLOGO kernel32.lib user32.lib gdi32.lib winspool.lib comdlg32.lib advapi32.lib shell32.lib ole32.lib oleaut32.lib uuid.lib odbc32.lib odbccp32.lib /MANIFEST /ManifestFile:"Debug\CppTest.exe.intermediate.manifest" /MANIFESTUAC:"level='asInvoker' uiAccess='false'" /DEBUG /PDB:"F:\zhang_C++\CppTest\CppTest\Debug\CppTest.pdb" /SUBSYSTEM:CONSOLE /TLBID:1 /DYNAMICBASE /NXCOMPAT /IMPLIB:"F:\zhang_C++\CppTest\CppTest\Debug\CppTest.lib" /MACHINE:X86 Debug\CppTest.res
         Debug\CppTest.exe.embed.manifest.res
         Debug\CppTest.obj
         Debug\P3_Test.obj
         Debug\stdafx.obj
     1>P3_Test.obj : error LNK2001: 无法解析的外部符号 "public: static int CP3_Test::iStaticTest" (?iStaticTest@CP3_Test@@2HA)
     1>F:\zhang_C++\CppTest\CppTest\Debug\CppTest.exe : fatal error LNK1120: 1 个无法解析的外部命令
     1>已完成生成项目“F:\zhang_C++\CppTest\CppTest\CppTest\CppTest.vcxproj”(build 个目标)的操作 - 失败。

生成失败。

已用时间 00:00:04.53
